<?xml version="1.0" encoding="UTF-8"?>
<testng-results skipped="0" failed="0" ignored="0" total="1" passed="1">
  <reporter-output>
  </reporter-output>
  <suite name="Default suite" duration-ms="12989" started-at="2018-07-10T04:22:33Z" finished-at="2018-07-10T04:22:46Z">
    <groups>
    </groups>
    <test name="Default test" duration-ms="12989" started-at="2018-07-10T04:22:33Z" finished-at="2018-07-10T04:22:46Z">
      <class name="SeleniumJenkins.SeleniumJenkins.seleniumTest">
        <test-method status="PASS" signature="launchbrowser()[pri:0, instance:SeleniumJenkins.SeleniumJenkins.seleniumTest@4c70fda8]" name="launchbrowser" duration-ms="12942" started-at="2018-07-10T09:52:33Z" finished-at="2018-07-10T09:52:46Z">
          <reporter-output>
          </reporter-output>
        </test-method> <!-- launchbrowser -->
      </class> <!-- SeleniumJenkins.SeleniumJenkins.seleniumTest -->
    </test> <!-- Default test -->
  </suite> <!-- Default suite -->
</testng-results>
